Looking for git in: git
Using git 2.17.1 from git
> git rev-parse --show-toplevel
> git config --get commit.template
Open repository: /home/billy/Desktop/assessment3
> git status -z -u
> git symbolic-ref --short HEAD
> git rev-parse 1.0
> git rev-parse --symbolic-full-name 1.0@{u}
> git rev-list --left-right 1.0...refs/remotes/origin/1.0
> git for-each-ref --format %(refname) %(objectname) --sort -committerdate
> git remote --verbose
> git check-ignore -z --stdin
> git check-ignore -z --stdin
> git check-ignore -z --stdin
> git check-ignore -z --stdin
> git status -z -u
> git symbolic-ref --short HEAD
> git rev-parse 1.0
> git rev-parse --symbolic-full-name 1.0@{u}
> git rev-list --left-right 1.0...refs/remotes/origin/1.0
> git for-each-ref --format %(refname) %(objectname) --sort -committerdate
> git remote --verbose
> git status -z -u
> git symbolic-ref --short HEAD
> git rev-parse 1.0
> git rev-parse --symbolic-full-name 1.0@{u}
> git rev-list --left-right 1.0...refs/remotes/origin/1.0
> git for-each-ref --format %(refname) %(objectname) --sort -committerdate
> git remote --verbose
> git check-ignore -z --stdin
> git show :src/app/group-board/group-board.component.css
> git show :src/app/group-board/group-board.component.html
> git show :src/app/group-board/group-board.component.ts
> git check-ignore -z --stdin
> git show :src/app/group-detail/group-detail.component.css
> git show :src/app/group-detail/group-detail.component.spec.ts
> git show :src/app/group-detail/group-detail.component.ts
> git show :src/app/group-board/group-board.component.ts
> git show :src/app/group-detail/group-detail.component.ts
> git check-ignore -z --stdin
> git show :src/app/groups/groups.component.ts
> git show :src/app/group-detail/group-detail.component.css
> git show :src/app/group-detail/group-detail.component.ts
> git show :src/app/group-board/group-board.component.ts
> git show :src/app/groups/groups.component.ts
> git show :src/app/group-board/group-board.component.css
> git show :src/app/group-board/group-board.component.ts
> git show :src/app/group-detail/group-detail.component.ts
> git show :src/app/groups/groups.component.css
> git show :src/app/groups/groups.component.spec.ts
> git show :src/app/groups/groups.component.ts
> git check-ignore -z --stdin
> git show :src/app/search/search.component.ts
> git status -z -u
> git symbolic-ref --short HEAD
> git rev-parse 1.0
> git rev-parse --symbolic-full-name 1.0@{u}
> git rev-list --left-right 1.0...refs/remotes/origin/1.0
> git for-each-ref --format %(refname) %(objectname) --sort -committerdate
> git remote --verbose
> git check-ignore -z --stdin
> git show :src/app/user/user.component.ts
> git show :src/app/search/search.component.ts
> git status -z -u
> git symbolic-ref --short HEAD
> git rev-parse 1.0
> git rev-parse --symbolic-full-name 1.0@{u}
> git rev-list --left-right 1.0...refs/remotes/origin/1.0
> git for-each-ref --format %(refname) %(objectname) --sort -committerdate
> git remote --verbose
> git status -z -u
> git symbolic-ref --short HEAD
> git rev-parse 1.0
> git rev-parse --symbolic-full-name 1.0@{u}
> git rev-list --left-right 1.0...refs/remotes/origin/1.0
> git for-each-ref --format %(refname) %(objectname) --sort -committerdate
> git remote --verbose
> git status -z -u
> git symbolic-ref --short HEAD
> git rev-parse 1.0
> git rev-parse --symbolic-full-name 1.0@{u}
> git rev-list --left-right 1.0...refs/remotes/origin/1.0
> git for-each-ref --format %(refname) %(objectname) --sort -committerdate
> git remote --verbose
> git status -z -u
> git symbolic-ref --short HEAD
> git rev-parse 1.0
> git rev-parse --symbolic-full-name 1.0@{u}
> git rev-list --left-right 1.0...refs/remotes/origin/1.0
> git for-each-ref --format %(refname) %(objectname) --sort -committerdate
> git remote --verbose
> git status -z -u
> git symbolic-ref --short HEAD
> git rev-parse 1.0
> git rev-parse --symbolic-full-name 1.0@{u}
> git rev-list --left-right 1.0...refs/remotes/origin/1.0
> git for-each-ref --format %(refname) %(objectname) --sort -committerdate
> git remote --verbose
> git status -z -u
> git symbolic-ref --short HEAD
> git rev-parse 1.0
> git rev-parse --symbolic-full-name 1.0@{u}
> git rev-list --left-right 1.0...refs/remotes/origin/1.0
> git for-each-ref --format %(refname) %(objectname) --sort -committerdate
> git remote --verbose
> git status -z -u
> git symbolic-ref --short HEAD
> git rev-parse 1.0
> git rev-parse --symbolic-full-name 1.0@{u}
> git rev-list --left-right 1.0...refs/remotes/origin/1.0
> git for-each-ref --format %(refname) %(objectname) --sort -committerdate
> git remote --verbose
> git status -z -u
> git symbolic-ref --short HEAD
> git rev-parse 1.0
> git rev-parse --symbolic-full-name 1.0@{u}
> git rev-list --left-right 1.0...refs/remotes/origin/1.0
> git for-each-ref --format %(refname) %(objectname) --sort -committerdate
> git remote --verbose
> git status -z -u
> git symbolic-ref --short HEAD
> git rev-parse 1.0
> git rev-parse --symbolic-full-name 1.0@{u}
> git rev-list --left-right 1.0...refs/remotes/origin/1.0
> git for-each-ref --format %(refname) %(objectname) --sort -committerdate
> git remote --verbose
> git status -z -u
> git symbolic-ref --short HEAD
> git rev-parse 1.0
> git rev-parse --symbolic-full-name 1.0@{u}
> git rev-list --left-right 1.0...refs/remotes/origin/1.0
> git for-each-ref --format %(refname) %(objectname) --sort -committerdate
> git remote --verbose
> git status -z -u
> git symbolic-ref --short HEAD
> git rev-parse 1.0
> git rev-parse --symbolic-full-name 1.0@{u}
> git rev-list --left-right 1.0...refs/remotes/origin/1.0
> git for-each-ref --format %(refname) %(objectname) --sort -committerdate
> git remote --verbose
> git status -z -u
> git symbolic-ref --short HEAD
> git rev-parse 1.0
> git rev-parse --symbolic-full-name 1.0@{u}
> git rev-list --left-right 1.0...refs/remotes/origin/1.0
> git for-each-ref --format %(refname) %(objectname) --sort -committerdate
> git remote --verbose
> git status -z -u
> git symbolic-ref --short HEAD
> git rev-parse 1.0
> git rev-parse --symbolic-full-name 1.0@{u}
> git rev-list --left-right 1.0...refs/remotes/origin/1.0
> git for-each-ref --format %(refname) %(objectname) --sort -committerdate
> git remote --verbose
> git status -z -u
> git symbolic-ref --short HEAD
> git rev-parse 1.0
> git rev-parse --symbolic-full-name 1.0@{u}
> git rev-list --left-right 1.0...refs/remotes/origin/1.0
> git for-each-ref --format %(refname) %(objectname) --sort -committerdate
> git remote --verbose
> git status -z -u
> git symbolic-ref --short HEAD
> git rev-parse 1.0
> git rev-parse --symbolic-full-name 1.0@{u}
> git rev-list --left-right 1.0...refs/remotes/origin/1.0
> git for-each-ref --format %(refname) %(objectname) --sort -committerdate
> git remote --verbose
> git status -z -u
> git symbolic-ref --short HEAD
> git rev-parse 1.0
> git rev-parse --symbolic-full-name 1.0@{u}
> git rev-list --left-right 1.0...refs/remotes/origin/1.0
> git for-each-ref --format %(refname) %(objectname) --sort -committerdate
> git remote --verbose
> git status -z -u
> git symbolic-ref --short HEAD
> git rev-parse 1.0
> git rev-parse --symbolic-full-name 1.0@{u}
> git rev-list --left-right 1.0...refs/remotes/origin/1.0
> git for-each-ref --format %(refname) %(objectname) --sort -committerdate
> git remote --verbose
> git status -z -u
> git symbolic-ref --short HEAD
> git rev-parse 1.0
> git rev-parse --symbolic-full-name 1.0@{u}
> git rev-list --left-right 1.0...refs/remotes/origin/1.0
> git for-each-ref --format %(refname) %(objectname) --sort -committerdate
> git remote --verbose
> git status -z -u
> git symbolic-ref --short HEAD
> git rev-parse 1.0
> git rev-parse --symbolic-full-name 1.0@{u}
> git rev-list --left-right 1.0...refs/remotes/origin/1.0
> git for-each-ref --format %(refname) %(objectname) --sort -committerdate
> git remote --verbose
> git show :src/app/search/search.component.html
> git status -z -u
> git symbolic-ref --short HEAD
> git rev-parse 1.0
> git rev-parse --symbolic-full-name 1.0@{u}
> git rev-list --left-right 1.0...refs/remotes/origin/1.0
> git for-each-ref --format %(refname) %(objectname) --sort -committerdate
> git remote --verbose
> git show :src/app/search/search.component.ts
> git status -z -u
> git symbolic-ref --short HEAD
> git rev-parse 1.0
> git rev-parse --symbolic-full-name 1.0@{u}
> git rev-list --left-right 1.0...refs/remotes/origin/1.0
> git for-each-ref --format %(refname) %(objectname) --sort -committerdate
> git remote --verbose
> git show :src/app/groups/groups.component.ts
> git show :src/app/search/search.component.ts
> git show :src/app/search/search.component.html
> git status -z -u
> git symbolic-ref --short HEAD
> git rev-parse 1.0
> git rev-parse --symbolic-full-name 1.0@{u}
> git rev-list --left-right 1.0...refs/remotes/origin/1.0
> git for-each-ref --format %(refname) %(objectname) --sort -committerdate
> git remote --verbose
> git show :src/app/user/user.component.ts
> git show :src/app/user/user.component.spec.ts
> git show :src/app/user/user.component.ts
> git status -z -u
> git symbolic-ref --short HEAD
> git rev-parse 1.0
> git rev-parse --symbolic-full-name 1.0@{u}
> git rev-list --left-right 1.0...refs/remotes/origin/1.0
> git for-each-ref --format %(refname) %(objectname) --sort -committerdate
> git remote --verbose
> git status -z -u
> git symbolic-ref --short HEAD
> git rev-parse 1.0
> git rev-parse --symbolic-full-name 1.0@{u}
> git rev-list --left-right 1.0...refs/remotes/origin/1.0
> git for-each-ref --format %(refname) %(objectname) --sort -committerdate
> git remote --verbose
> git status -z -u
> git symbolic-ref --short HEAD
> git rev-parse 1.0
> git rev-parse --symbolic-full-name 1.0@{u}
> git rev-list --left-right 1.0...refs/remotes/origin/1.0
> git for-each-ref --format %(refname) %(objectname) --sort -committerdate
> git remote --verbose
> git status -z -u
> git symbolic-ref --short HEAD
> git rev-parse 1.0
> git rev-parse --symbolic-full-name 1.0@{u}
> git rev-list --left-right 1.0...refs/remotes/origin/1.0
> git for-each-ref --format %(refname) %(objectname) --sort -committerdate
> git remote --verbose
> git show :src/app/app-routing.module.ts
> git status -z -u
> git symbolic-ref --short HEAD
> git rev-parse 1.0
> git rev-parse --symbolic-full-name 1.0@{u}
> git rev-list --left-right 1.0...refs/remotes/origin/1.0
> git for-each-ref --format %(refname) %(objectname) --sort -committerdate
> git remote --verbose
> git show :src/app/app.component.ts
> git show :src/app/app.module.ts
> git show :src/app/group.ts
> git status -z -u
> git symbolic-ref --short HEAD
> git rev-parse 1.0
> git rev-parse --symbolic-full-name 1.0@{u}
> git rev-list --left-right 1.0...refs/remotes/origin/1.0
> git for-each-ref --format %(refname) %(objectname) --sort -committerdate
> git remote --verbose
> git show :src/app/mock-groups.ts
> git status -z -u
> git symbolic-ref --short HEAD
> git rev-parse 1.0
> git rev-parse --symbolic-full-name 1.0@{u}
> git rev-list --left-right 1.0...refs/remotes/origin/1.0
> git for-each-ref --format %(refname) %(objectname) --sort -committerdate
> git remote --verbose
> git show :src/app/user.ts
> git show :src/app/mock-groups.ts
> git status -z -u
> git symbolic-ref --short HEAD
> git rev-parse 1.0
> git rev-parse --symbolic-full-name 1.0@{u}
> git rev-list --left-right 1.0...refs/remotes/origin/1.0
> git for-each-ref --format %(refname) %(objectname) --sort -committerdate
> git remote --verbose
> git show :src/app/group.ts
> git status -z -u
> git symbolic-ref --short HEAD
> git rev-parse 1.0
> git rev-parse --symbolic-full-name 1.0@{u}
> git rev-list --left-right 1.0...refs/remotes/origin/1.0
> git for-each-ref --format %(refname) %(objectname) --sort -committerdate
> git remote --verbose
> git show :src/app/app.module.ts
> git status -z -u
> git symbolic-ref --short HEAD
> git rev-parse 1.0
> git rev-parse --symbolic-full-name 1.0@{u}
> git rev-list --left-right 1.0...refs/remotes/origin/1.0
> git for-each-ref --format %(refname) %(objectname) --sort -committerdate
> git remote --verbose
> git show :src/app/app.component.ts
> git show :src/app/app-routing.module.ts
> git status -z -u
> git symbolic-ref --short HEAD
> git rev-parse 1.0
> git rev-parse --symbolic-full-name 1.0@{u}
> git rev-list --left-right 1.0...refs/remotes/origin/1.0
> git for-each-ref --format %(refname) %(objectname) --sort -committerdate
> git remote --verbose
> git status -z -u
> git symbolic-ref --short HEAD
> git rev-parse 1.0
> git rev-parse --symbolic-full-name 1.0@{u}
> git rev-list --left-right 1.0...refs/remotes/origin/1.0
> git for-each-ref --format %(refname) %(objectname) --sort -committerdate
> git remote --verbose
> git show :src/app/app-routing.module.spec.ts
> git show :src/app/user/user.component.ts
> git show :src/app/user/user.component.html
> git show :src/app/user/user.component.spec.ts
> git show :src/app/user/user.component.css
> git show :src/app/search/search.component.ts
> git status -z -u
> git symbolic-ref --short HEAD
> git rev-parse 1.0
> git rev-parse --symbolic-full-name 1.0@{u}
> git rev-list --left-right 1.0...refs/remotes/origin/1.0
> git for-each-ref --format %(refname) %(objectname) --sort -committerdate
> git remote --verbose
> git show :src/app/mock-groups.ts
> git show :src/app/search/search.component.html
> git show :src/app/mock-groups.ts
> git show :src/app/search/search.component.html
> git show :src/app/search/search.component.ts
> git status -z -u
> git symbolic-ref --short HEAD
> git rev-parse 1.0
> git rev-parse --symbolic-full-name 1.0@{u}
> git rev-list --left-right 1.0...refs/remotes/origin/1.0
> git for-each-ref --format %(refname) %(objectname) --sort -committerdate
> git remote --verbose
> git status -z -u
> git symbolic-ref --short HEAD
> git rev-parse 1.0
> git rev-parse --symbolic-full-name 1.0@{u}
> git rev-list --left-right 1.0...refs/remotes/origin/1.0
> git for-each-ref --format %(refname) %(objectname) --sort -committerdate
> git remote --verbose
> git status -z -u
> git symbolic-ref --short HEAD
> git rev-parse 1.0
> git rev-parse --symbolic-full-name 1.0@{u}
> git rev-list --left-right 1.0...refs/remotes/origin/1.0
> git for-each-ref --format %(refname) %(objectname) --sort -committerdate
> git remote --verbose
> git status -z -u
> git symbolic-ref --short HEAD
> git rev-parse 1.0
> git rev-parse --symbolic-full-name 1.0@{u}
> git rev-list --left-right 1.0...refs/remotes/origin/1.0
> git for-each-ref --format %(refname) %(objectname) --sort -committerdate
> git remote --verbose
> git show :src/app/group.ts
> git show :src/app/search/search.component.ts
> git status -z -u
> git symbolic-ref --short HEAD
> git rev-parse 1.0
> git rev-parse --symbolic-full-name 1.0@{u}
> git rev-list --left-right 1.0...refs/remotes/origin/1.0
> git for-each-ref --format %(refname) %(objectname) --sort -committerdate
> git remote --verbose
> git show :src/app/group.ts
> git show :src/app/user/user.component.ts
> git show :src/app/search/search.component.ts
> git status -z -u
> git symbolic-ref --short HEAD
> git rev-parse 1.0
> git rev-parse --symbolic-full-name 1.0@{u}
> git rev-list --left-right 1.0...refs/remotes/origin/1.0
> git for-each-ref --format %(refname) %(objectname) --sort -committerdate
> git remote --verbose
> git status -z -u
> git symbolic-ref --short HEAD
> git rev-parse 1.0
> git rev-parse --symbolic-full-name 1.0@{u}
> git rev-list --left-right 1.0...refs/remotes/origin/1.0
> git for-each-ref --format %(refname) %(objectname) --sort -committerdate
> git remote --verbose
> git status -z -u
> git symbolic-ref --short HEAD
> git rev-parse 1.0
> git rev-parse --symbolic-full-name 1.0@{u}
> git rev-list --left-right 1.0...refs/remotes/origin/1.0
> git for-each-ref --format %(refname) %(objectname) --sort -committerdate
> git remote --verbose
> git status -z -u
> git symbolic-ref --short HEAD
> git rev-parse 1.0
> git rev-parse --symbolic-full-name 1.0@{u}
> git rev-list --left-right 1.0...refs/remotes/origin/1.0
> git for-each-ref --format %(refname) %(objectname) --sort -committerdate
> git remote --verbose
> git show :src/app/search/search.component.ts
> git show :.vscode/settings.json
> git status -z -u
> git symbolic-ref --short HEAD
> git rev-parse 1.0
> git rev-parse --symbolic-full-name 1.0@{u}
> git rev-list --left-right 1.0...refs/remotes/origin/1.0
> git for-each-ref --format %(refname) %(objectname) --sort -committerdate
> git remote --verbose
> git status -z -u
> git symbolic-ref --short HEAD
> git rev-parse 1.0
> git rev-parse --symbolic-full-name 1.0@{u}
> git rev-list --left-right 1.0...refs/remotes/origin/1.0
> git for-each-ref --format %(refname) %(objectname) --sort -committerdate
> git remote --verbose
> git check-ignore -z --stdin
> git status -z -u
> git symbolic-ref --short HEAD
> git rev-parse 1.0
> git rev-parse --symbolic-full-name 1.0@{u}
> git rev-list --left-right 1.0...refs/remotes/origin/1.0
> git for-each-ref --format %(refname) %(objectname) --sort -committerdate
> git remote --verbose
> git show :src/app/search/search.component.ts
> git status -z -u
> git symbolic-ref --short HEAD
> git rev-parse 1.0
> git rev-parse --symbolic-full-name 1.0@{u}
> git rev-list --left-right 1.0...refs/remotes/origin/1.0
> git for-each-ref --format %(refname) %(objectname) --sort -committerdate
> git remote --verbose
> git show :src/app/search/search.component.ts
> git show :src/app/search/search.component.ts
> git status -z -u
> git symbolic-ref --short HEAD
> git rev-parse 1.0
> git rev-parse --symbolic-full-name 1.0@{u}
> git rev-list --left-right 1.0...refs/remotes/origin/1.0
> git for-each-ref --format %(refname) %(objectname) --sort -committerdate
> git remote --verbose
> git show :src/app/search/search.component.html
> git status -z -u
> git symbolic-ref --short HEAD
> git rev-parse 1.0
> git rev-parse --symbolic-full-name 1.0@{u}
> git rev-list --left-right 1.0...refs/remotes/origin/1.0
> git for-each-ref --format %(refname) %(objectname) --sort -committerdate
> git remote --verbose
> git status -z -u
> git symbolic-ref --short HEAD
> git rev-parse 1.0
> git rev-parse --symbolic-full-name 1.0@{u}
> git rev-list --left-right 1.0...refs/remotes/origin/1.0
> git for-each-ref --format %(refname) %(objectname) --sort -committerdate
> git remote --verbose
> git status -z -u
> git symbolic-ref --short HEAD
> git rev-parse 1.0
> git rev-parse --symbolic-full-name 1.0@{u}
> git rev-list --left-right 1.0...refs/remotes/origin/1.0
> git for-each-ref --format %(refname) %(objectname) --sort -committerdate
> git remote --verbose
> git show :src/app/search/search.component.html
> git status -z -u
> git symbolic-ref --short HEAD
> git rev-parse 1.0
> git rev-parse --symbolic-full-name 1.0@{u}
> git rev-list --left-right 1.0...refs/remotes/origin/1.0
> git for-each-ref --format %(refname) %(objectname) --sort -committerdate
> git remote --verbose
> git status -z -u
> git symbolic-ref --short HEAD
> git rev-parse 1.0
> git rev-parse --symbolic-full-name 1.0@{u}
> git rev-list --left-right 1.0...refs/remotes/origin/1.0
> git for-each-ref --format %(refname) %(objectname) --sort -committerdate
> git remote --verbose
> git show :src/app/user/user.component.ts
