[Info  - 7:50:33 pm] Using tsserver from: /usr/share/code/resources/app/extensions/node_modules/typescript/lib
[Info  - 7:50:33 pm] Forking TSServer
PATH: /usr/local/sbin:/usr/local/bin:/usr/sbin:/usr/bin:/sbin:/bin:/snap/bin 
[Info  - 7:50:33 pm] Started TSServer
[Error  - 8:17:01 pm] 'completionInfo' request failed with error.
Error processing request. Cannot read property 'kind' of undefined
TypeError: Cannot read property 'kind' of undefined
    at Object.isStringLiteralLike (/usr/share/code/resources/app/extensions/node_modules/typescript/lib/tsserver.js:13820:21)
    at isValidTrigger (/usr/share/code/resources/app/extensions/node_modules/typescript/lib/tsserver.js:93178:31)
    at Object.getCompletionsAtPosition (/usr/share/code/resources/app/extensions/node_modules/typescript/lib/tsserver.js:91291:38)
    at Object.getCompletionsAtPosition (/usr/share/code/resources/app/extensions/node_modules/typescript/lib/tsserver.js:111428:35)
    at IOSession.Session.getCompletions (/usr/share/code/resources/app/extensions/node_modules/typescript/lib/tsserver.js:119014:64)
    at Session.handlers.ts.createMapFromTemplate._a.(anonymous function) (/usr/share/code/resources/app/extensions/node_modules/typescript/lib/tsserver.js:118089:61)
    at /usr/share/code/resources/app/extensions/node_modules/typescript/lib/tsserver.js:119496:88
    at IOSession.Session.executeWithRequestId (/usr/share/code/resources/app/extensions/node_modules/typescript/lib/tsserver.js:119487:28)
    at IOSession.Session.executeCommand (/usr/share/code/resources/app/extensions/node_modules/typescript/lib/tsserver.js:119496:33)
    at IOSession.Session.onMessage (/usr/share/code/resources/app/extensions/node_modules/typescript/lib/tsserver.js:119516:35)
    at Interface.<anonymous> (/usr/share/code/resources/app/extensions/node_modules/typescript/lib/tsserver.js:120770:27)
    at emitOne (events.js:116:13)
    at Interface.emit (events.js:211:7)
    at Interface._onLine (readline.js:282:10)
    at Interface._normalWrite (readline.js:424:12)
    at Socket.ondata (readline.js:141:10)
    at emitOne (events.js:116:13)
    at Socket.emit (events.js:211:7)
    at addChunk (_stream_readable.js:263:12)
    at readableAddChunk (_stream_readable.js:250:11)
    at Socket.Readable.push (_stream_readable.js:208:10)
    at Pipe.onread (net.js:594:20)
[Error  - 8:17:23 pm] 'completionInfo' request failed with error.
Error processing request. Cannot read property 'kind' of undefined
TypeError: Cannot read property 'kind' of undefined
    at Object.isStringLiteralLike (/usr/share/code/resources/app/extensions/node_modules/typescript/lib/tsserver.js:13820:21)
    at isValidTrigger (/usr/share/code/resources/app/extensions/node_modules/typescript/lib/tsserver.js:93178:31)
    at Object.getCompletionsAtPosition (/usr/share/code/resources/app/extensions/node_modules/typescript/lib/tsserver.js:91291:38)
    at Object.getCompletionsAtPosition (/usr/share/code/resources/app/extensions/node_modules/typescript/lib/tsserver.js:111428:35)
    at IOSession.Session.getCompletions (/usr/share/code/resources/app/extensions/node_modules/typescript/lib/tsserver.js:119014:64)
    at Session.handlers.ts.createMapFromTemplate._a.(anonymous function) (/usr/share/code/resources/app/extensions/node_modules/typescript/lib/tsserver.js:118089:61)
    at /usr/share/code/resources/app/extensions/node_modules/typescript/lib/tsserver.js:119496:88
    at IOSession.Session.executeWithRequestId (/usr/share/code/resources/app/extensions/node_modules/typescript/lib/tsserver.js:119487:28)
    at IOSession.Session.executeCommand (/usr/share/code/resources/app/extensions/node_modules/typescript/lib/tsserver.js:119496:33)
    at IOSession.Session.onMessage (/usr/share/code/resources/app/extensions/node_modules/typescript/lib/tsserver.js:119516:35)
    at Interface.<anonymous> (/usr/share/code/resources/app/extensions/node_modules/typescript/lib/tsserver.js:120770:27)
    at emitOne (events.js:116:13)
    at Interface.emit (events.js:211:7)
    at Interface._onLine (readline.js:282:10)
    at Interface._normalWrite (readline.js:424:12)
    at Socket.ondata (readline.js:141:10)
    at emitOne (events.js:116:13)
    at Socket.emit (events.js:211:7)
    at addChunk (_stream_readable.js:263:12)
    at readableAddChunk (_stream_readable.js:250:11)
    at Socket.Readable.push (_stream_readable.js:208:10)
    at Pipe.onread (net.js:594:20)
[Error  - 8:17:51 pm] 'completionInfo' request failed with error.
Error processing request. Cannot read property 'kind' of undefined
TypeError: Cannot read property 'kind' of undefined
    at Object.isStringLiteralLike (/usr/share/code/resources/app/extensions/node_modules/typescript/lib/tsserver.js:13820:21)
    at isValidTrigger (/usr/share/code/resources/app/extensions/node_modules/typescript/lib/tsserver.js:93178:31)
    at Object.getCompletionsAtPosition (/usr/share/code/resources/app/extensions/node_modules/typescript/lib/tsserver.js:91291:38)
    at Object.getCompletionsAtPosition (/usr/share/code/resources/app/extensions/node_modules/typescript/lib/tsserver.js:111428:35)
    at IOSession.Session.getCompletions (/usr/share/code/resources/app/extensions/node_modules/typescript/lib/tsserver.js:119014:64)
    at Session.handlers.ts.createMapFromTemplate._a.(anonymous function) (/usr/share/code/resources/app/extensions/node_modules/typescript/lib/tsserver.js:118089:61)
    at /usr/share/code/resources/app/extensions/node_modules/typescript/lib/tsserver.js:119496:88
    at IOSession.Session.executeWithRequestId (/usr/share/code/resources/app/extensions/node_modules/typescript/lib/tsserver.js:119487:28)
    at IOSession.Session.executeCommand (/usr/share/code/resources/app/extensions/node_modules/typescript/lib/tsserver.js:119496:33)
    at IOSession.Session.onMessage (/usr/share/code/resources/app/extensions/node_modules/typescript/lib/tsserver.js:119516:35)
    at Interface.<anonymous> (/usr/share/code/resources/app/extensions/node_modules/typescript/lib/tsserver.js:120770:27)
    at emitOne (events.js:116:13)
    at Interface.emit (events.js:211:7)
    at Interface._onLine (readline.js:282:10)
    at Interface._normalWrite (readline.js:424:12)
    at Socket.ondata (readline.js:141:10)
    at emitOne (events.js:116:13)
    at Socket.emit (events.js:211:7)
    at addChunk (_stream_readable.js:263:12)
    at readableAddChunk (_stream_readable.js:250:11)
    at Socket.Readable.push (_stream_readable.js:208:10)
    at Pipe.onread (net.js:594:20)
